<?xml version="1.0" encoding="UTF-8"?>
<!-- Generated by org.testng.reporters.JUnitReportReporter -->
<testsuite hostname="DESKTOP-EHGGBSG" failures="0" tests="4" name="com.lulobank.AppTest" time="15.204" errors="0" timestamp="2022-10-30T20:57:27 COT" skipped="0">
  <testcase classname="com.lulobank.AppTest" name="createNewUser" time="4.718"/>
  <system-out>
    <![CDATA[Status: 200
created id: 635f2b7b1c1b163e201d663f
created firstName: Sigrid
created lastName: Wehner
created email: mateo.reinger@gmail.com]]>
  </system-out>
  <testcase classname="com.lulobank.AppTest" name="getUser" time="3.478"/>
  <system-out>
    <![CDATA[Status: 200
id: [635ef49c836fe40df94803e5, 635f199d836fe42930480a2c, 635f19ca836fe49e8e480a2f, 635f1cc4836fe48304480ae3, 635f1ce5836fe4f07c480ae6, 635f1d06836fe496c9480aee, 635f1dab836fe45f3c480b3f, 635f1dfb836fe4a87f480b47, 635f1e1b836fe4cef2480b50, 635f2a401718fd08c10ac993, 635f2ae7227f78bb48c5d0ce, 635f2b0aaccd5b1d5eb753c5, 635f2b7b1c1b163e201d663f]
first Name: [William, Marcos, Zachery, Loy, Johnathan, Hilma, Kiel, Marshall, Deshawn2, Angelo, Lavina, Harold, Sigrid]
last Name: [Figueroa, Balistreri, Ferry, Bahringer, McKenzie, Kreiger, Donnelly, Klocko, Koepp2, Pfeffer, Mueller, Shanahan, Wehner]]]>
  </system-out>
  <testcase classname="com.lulobank.AppTest" name="modifyUser" time="3.040"/>
  <system-out>
    <![CDATA[Status: 200
Modified First Name: Ila
Modified Last Name: Hartmann
Updated At: 2022-10-31T01:57:22.761Z]]>
  </system-out>
  <testcase classname="com.lulobank.AppTest" name="deleteUser" time="3.968"/>
  <system-out>
    <![CDATA[Status: 200
Deleted Id: 635f2b7b1c1b163e201d663f]]>
  </system-out>
</testsuite> <!-- com.lulobank.AppTest -->
